slope/rtmp_moudle/build/outputs/logs/manifest-merger-debug-report.txt
-- Merging decision tree log ---
manifest
ADDED from src\main\AndroidManifest.xml:2:1-41:12
INJECTED from src\main\AndroidManifest.xml:2:1-41:12
INJECTED from src\main\AndroidManifest.xml:2:1-41:12
INJECTED from src\main\AndroidManifest.xml:2:1-41:12
INJECTED from src\main\AndroidManifest.xml:2:1-41:12
INJECTED from src\main\AndroidManifest.xml:2:1-41:12
INJECTED from src\main\AndroidManifest.xml:2:1-41:12
	package
		ADDED from src\main\AndroidManifest.xml:3:5-33
		INJECTED from src\main\AndroidManifest.xml
		INJECTED from src\main\AndroidManifest.xml
	android:versionName
		INJECTED from src\main\AndroidManifest.xml
		ADDED from src\main\AndroidManifest.xml:2:1-41:12
		INJECTED from src\main\AndroidManifest.xml
	android:versionCode
		INJECTED from src\main\AndroidManifest.xml
		ADDED from src\main\AndroidManifest.xml:2:1-41:12
		INJECTED from src\main\AndroidManifest.xml
	xmlns:android
		ADDED from src\main\AndroidManifest.xml:2:11-69
uses-permission#android.permission.READ_PHONE_STATE
ADDED from src\main\AndroidManifest.xml:5:5-75
	android:name
		ADDED from src\main\AndroidManifest.xml:5:22-72
uses-permission#android.permission.SYSTEM_ALERT_WINDOW
ADDED from src\main\AndroidManifest.xml:6:5-78
	android:name
		ADDED from src\main\AndroidManifest.xml:6:22-75
uses-permission#android.permission.MOUNT_UNMOUNT_FILESYSTEMS
ADDED from src\main\AndroidManifest.xml:7:5-84
	android:name
		ADDED from src\main\AndroidManifest.xml:7:22-81
uses-permission#android.permission.KILL_BACKGROUND_PROCESSES
ADDED from src\main\AndroidManifest.xml:8:5-84
	android:name
		ADDED from src\main\AndroidManifest.xml:8:22-81
uses-permission#android.permission.READ_LOGS
ADDED from src\main\AndroidManifest.xml:9:5-68
	android:name
		ADDED from src\main\AndroidManifest.xml:9:22-65
application
ADDED from src\main\AndroidManifest.xml:11:5-39:19
	android:hardwareAccelerated
		ADDED from src\main\AndroidManifest.xml:13:9-43
	android:allowBackup
		ADDED from src\main\AndroidManifest.xml:12:9-35
activity#com.sh.camera.MainActivity
ADDED from src\main\AndroidManifest.xml:14:9-16:20
	android:name
		ADDED from src\main\AndroidManifest.xml:14:19-60
activity#com.sh.camera.FileActivity
ADDED from src\main\AndroidManifest.xml:17:9-72
	android:name
		ADDED from src\main\AndroidManifest.xml:17:19-60
activity#com.sh.camera.SelectTimeActivity
ADDED from src\main\AndroidManifest.xml:18:9-78
	android:name
		ADDED from src\main\AndroidManifest.xml:18:19-66
activity#com.sh.camera.SetActivity
ADDED from src\main\AndroidManifest.xml:19:9-71
	android:name
		ADDED from src\main\AndroidManifest.xml:19:19-59
activity#com.sh.camera.vedioPlay.MoviePlayer
ADDED from src\main\AndroidManifest.xml:22:9-81
	android:name
		ADDED from src\main\AndroidManifest.xml:22:19-69
activity#com.sh.camera.LiveActivity
ADDED from src\main\AndroidManifest.xml:26:9-29:20
	android:screenOrientation
		ADDED from src\main\AndroidManifest.xml:27:13-49
	android:name
		ADDED from src\main\AndroidManifest.xml:26:19-60
provider#android.support.v4.content.FileProvider
ADDED from src\main\AndroidManifest.xml:30:9-38:20
	android:grantUriPermissions
		ADDED from src\main\AndroidManifest.xml:34:13-47
	android:authorities
		ADDED from src\main\AndroidManifest.xml:32:13-57
	android:exported
		ADDED from src\main\AndroidManifest.xml:33:13-37
	android:name
		ADDED from src\main\AndroidManifest.xml:31:13-67
meta-data#android.support.FILE_PROVIDER_PATHS
ADDED from src\main\AndroidManifest.xml:35:13-37:57
	android:resource
		ADDED from src\main\AndroidManifest.xml:37:17-55
	android:name
		ADDED from src\main\AndroidManifest.xml:36:17-67
uses-sdk
INJECTED from src\main\AndroidManifest.xml reason: use-sdk injection requested
INJECTED from src\main\AndroidManifest.xml
INJECTED from src\main\AndroidManifest.xml
INJECTED from src\main\AndroidManifest.xml
INJECTED from src\main\AndroidManifest.xml
	android:targetSdkVersion
		INJECTED from src\main\AndroidManifest.xml
		ADDED from src\main\AndroidManifest.xml
		INJECTED from src\main\AndroidManifest.xml
	android:minSdkVersion
		INJECTED from src\main\AndroidManifest.xml
		ADDED from src\main\AndroidManifest.xml
		INJECTED from src\main\AndroidManifest.xml